Dbg [parser.cc:574] Converting a deprecated source[/home/simulations/public_sim_ws/src/all/fetch_tc/fetch_sim/fetch_gazebo/worlds/empty_lightspot.world].
Dbg [Converter.cc:68] Version[1.6] to Version[1.7]
  Please use the gz sdf tool to update your SDF files.
    $ gz sdf -c [sdf_file]
Dbg [parser_urdf.cc:1517] extension [<sensor name="base_laser" type="ray"><pose>0 0 0 0 0 0</pose><visualize>false</visualize><update_rate>15</update_rate><ray><scan><horizontal><samples>662</samples><resolution>1</resolution><min_angle>-1.91986</min_angle><max_angle>1.91986</max_angle></horizontal></scan><range><min>0.05</min><max>25.0</max><resolution>0.01</resolution></range><noise><type>gaussian</type><mean>0.0</mean><stddev>0.02</stddev></noise></ray><plugin filename="libgazebo_ros_laser.so" name="gazebo_ros_base_hokuyo_controller"><topicName>/base_scan</topicName><frameName>laser_link</frameName><robotNamespace>/</robotNamespace></plugin></sensor>] not converted from URDF, probably already in SDF format.
Dbg [parser_urdf.cc:1517] extension [<sensor name="camera" type="depth"><always_on>true</always_on><update_rate>15.0</update_rate><camera><horizontal_fov>1.047197</horizontal_fov><image><format>B8G8R8</format><width>640</width><height>480</height></image><clip><near>0.05</near><far>50</far></clip></camera><plugin filename="libgazebo_ros_openni_kinect.so" name="head_camera_controller"><baseline>0.1</baseline><alwaysOn>true</alwaysOn><updateRate>15.0</updateRate><cameraName>head_camera</cameraName><imageTopicName>/head_camera/rgb/image_raw</imageTopicName><cameraInfoTopicName>/head_camera/rgb/camera_info</cameraInfoTopicName><depthImageTopicName>/head_camera/depth_registered/image_raw</depthImageTopicName><depthImageCameraInfoTopicName>/head_camera/depth_registered/camera_info</depthImageCameraInfoTopicName><pointCloudTopicName>/head_camera/depth_registered/points</pointCloudTopicName><frameName>head_camera_rgb_optical_frame</frameName><pointCloudCutoff>0.35</pointCloudCutoff><pointCloudCutoffMax>4.5</pointCloudCutoffMax><CxPrime>0</CxPrime><Cx>0</Cx><Cy>0</Cy><focalLength>0</focalLength><hackBaseline>0</hackBaseline><robotNamespace>/</robotNamespace></plugin></sensor>] not converted from URDF, probably already in SDF format.
Dbg [parser_urdf.cc:1517] extension [<plugin filename="libfetch_gazebo_plugin.so" name="fetch_gazebo_plugin"><robotNamespace>/</robotNamespace></plugin>] not converted from URDF, probably already in SDF format.
Dbg [parser_urdf.cc:422] Fixed Joint Reduction: extension lumping from [estop_link] to [base_link]
Dbg [parser_urdf.cc:2483]   REDUCE EXTENSION: moving reference from [estop_link] to [base_link]
Dbg [parser_urdf.cc:2549]   STRING REPLACE: instances of _link name [estop_link] with [base_link]
Dbg [parser_urdf.cc:2557]         INITIAL STRING link [estop_link]-->[base_link]: [<plugin filename="libfetch_gazebo_plugin.so" name="fetch_gazebo_plugin"><robotNamespace>/</robotNamespace></plugin>]
Dbg [parser_urdf.cc:2549]   STRING REPLACE: instances of _link name [estop_link] with [base_link]
Dbg [parser_urdf.cc:2549]   STRING REPLACE: instances of _link name [estop_link] with [base_link]
Dbg [parser_urdf.cc:2549]   STRING REPLACE: instances of _link name [estop_link] with [base_link]
Dbg [parser_urdf.cc:2549]   STRING REPLACE: instances of _link name [estop_link] with [base_link]
Dbg [parser_urdf.cc:2549]   STRING REPLACE: instances of _link name [estop_link] with [base_link]
Dbg [parser_urdf.cc:2549]   STRING REPLACE: instances of _link name [estop_link] with [base_link]
Dbg [parser_urdf.cc:2557]         INITIAL STRING link [estop_link]-->[base_link]: [<sensor name="camera" type="depth"><always_on>true</always_on><update_rate>15.0</update_rate><camera><horizontal_fov>1.047197</horizontal_fov><image><format>B8G8R8</format><width>640</width><height>480</height></image><clip><near>0.05</near><far>50</far></clip></camera><plugin filename="libgazebo_ros_openni_kinect.so" name="head_camera_controller"><baseline>0.1</baseline><alwaysOn>true</alwaysOn><updateRate>15.0</updateRate><cameraName>head_camera</cameraName><imageTopicName>/head_camera/rgb/image_raw</imageTopicName><cameraInfoTopicName>/head_camera/rgb/camera_info</cameraInfoTopicName><depthImageTopicName>/head_camera/depth_registered/image_raw</depthImageTopicName><depthImageCameraInfoTopicName>/head_camera/depth_registered/camera_info</depthImageCameraInfoTopicName><pointCloudTopicName>/head_camera/depth_registered/points</pointCloudTopicName><frameName>head_camera_rgb_optical_frame</frameName><pointCloudCutoff>0.35</pointCloudCutoff><pointCloudCutoffMax>4.5</pointCloudCutoffMax><CxPrime>0</CxPrime><Cx>0</Cx><Cy>0</Cy><focalLength>0</focalLength><hackBaseline>0</hackBaseline><robotNamespace>/</robotNamespace></plugin></sensor>]
Dbg [parser_urdf.cc:2549]   STRING REPLACE: instances of _link name [estop_link] with [base_link]
Dbg [parser_urdf.cc:2549]   STRING REPLACE: instances of _link name [estop_link] with [base_link]
Dbg [parser_urdf.cc:2549]   STRING REPLACE: instances of _link name [estop_link] with [base_link]
Dbg [parser_urdf.cc:2549]   STRING REPLACE: instances of _link name [estop_link] with [base_link]
Dbg [parser_urdf.cc:2557]         INITIAL STRING link [estop_link]-->[base_link]: [<sensor name="base_laser" type="ray"><pose>0 0 0 0 0 0</pose><visualize>false</visualize><update_rate>15</update_rate><ray><scan><horizontal><samples>662</samples><resolution>1</resolution><min_angle>-1.91986</min_angle><max_angle>1.91986</max_angle></horizontal></scan><range><min>0.05</min><max>25.0</max><resolution>0.01</resolution></range><noise><type>gaussian</type><mean>0.0</mean><stddev>0.02</stddev></noise></ray><plugin filename="libgazebo_ros_laser.so" name="gazebo_ros_base_hokuyo_controller"><topicName>/base_scan</topicName><frameName>laser_link</frameName><robotNamespace>/</robotNamespace></plugin></sensor>]
Dbg [parser_urdf.cc:2549]   STRING REPLACE: instances of _link name [estop_link] with [base_link]
Dbg [parser_urdf.cc:2549]   STRING REPLACE: instances of _link name [estop_link] with [base_link]
Dbg [parser_urdf.cc:2549]   STRING REPLACE: instances of _link name [estop_link] with [base_link]
Dbg [parser_urdf.cc:2549]   STRING REPLACE: instances of _link name [estop_link] with [base_link]
Dbg [parser_urdf.cc:721] LINK NAME: [parent: base_link] from dMass
Dbg [parser_urdf.cc:722]      MASS: [70.1294]
Dbg [parser_urdf.cc:723]        CG: [-0.0036, 0, 0.0014]
Dbg [parser_urdf.cc:725]         I: [1.22514, 0.0099, 0.00655345]
Dbg [parser_urdf.cc:727]            [0.0099, 1.28635, -0.0034]
Dbg [parser_urdf.cc:729]            [0.00655345, -0.0034, 0.987909]
Dbg [parser_urdf.cc:721] LINK NAME: [link : estop_link] from dMass
Dbg [parser_urdf.cc:722]      MASS: [0.0019613]
Dbg [parser_urdf.cc:723]        CG: [0, 0, 0]
Dbg [parser_urdf.cc:725]         I: [3.0281e-07, -1.5862e-08, 3.16561e-08]
Dbg [parser_urdf.cc:727]            [-1.5862e-08, 2.93323e-07, -4.28834e-08]
Dbg [parser_urdf.cc:729]            [3.16561e-08, -4.28834e-08, 2.28513e-07]
Dbg [parser_urdf.cc:721] LINK NAME: [link in parent link: estop_link] from dMass
Dbg [parser_urdf.cc:722]      MASS: [0.0019613]
Dbg [parser_urdf.cc:723]        CG: [-0.122215, 0.232269, 0.307964]
Dbg [parser_urdf.cc:725]         I: [0.000292126, 5.56435e-05, 7.38036e-05]
Dbg [parser_urdf.cc:727]            [5.56435e-05, 0.000215537, -0.00014025]
Dbg [parser_urdf.cc:729]            [7.38036e-05, -0.00014025, 0.000135398]
Dbg [parser_urdf.cc:721] LINK NAME: [combined: base_link] from dMass
Dbg [parser_urdf.cc:722]      MASS: [70.1314]
Dbg [parser_urdf.cc:723]        CG: [-0.00360332, 6.49566e-06, 0.00140857]
Dbg [parser_urdf.cc:725]         I: [1.22543, 0.00995564, 0.00662726]
Dbg [parser_urdf.cc:727]            [0.00995564, 1.28656, -0.00354025]
Dbg [parser_urdf.cc:729]            [0.00662726, -0.00354025, 0.988044]
Dbg [parser_urdf.cc:737] LINK NAME: [base_link] from dMass
Dbg [parser_urdf.cc:738]      MASS: [70.1314]
Dbg [parser_urdf.cc:739]        CG: [-0.00360332, 6.49566e-06, 0.00140857]
Dbg [parser_urdf.cc:742]         I: [1.22529, 0.009954, 0.0062713]
Dbg [parser_urdf.cc:745]            [0.009954, 1.28551, -0.00353961]
Dbg [parser_urdf.cc:748]            [0.0062713, -0.00353961, 0.987134]
Dbg [parser_urdf.cc:948] lumping visual [] for link [estop_link] to parent [base_link] with name [estop_link]
Dbg [parser_urdf.cc:1007] lumping collision [] for link [estop_link] to parent [base_link] with name [estop_link]
Dbg [parser_urdf.cc:422] Fixed Joint Reduction: extension lumping from [laser_link] to [base_link]
Dbg [parser_urdf.cc:2483]   REDUCE EXTENSION: moving reference from [laser_link] to [base_link]
Dbg [parser_urdf.cc:2549]   STRING REPLACE: instances of _link name [laser_link] with [base_link]
Dbg [parser_urdf.cc:2557]         INITIAL STRING link [laser_link]-->[base_link]: [<plugin filename="libfetch_gazebo_plugin.so" name="fetch_gazebo_plugin"><robotNamespace>/</robotNamespace></plugin>]
Dbg [parser_urdf.cc:2549]   STRING REPLACE: instances of _link name [laser_link] with [base_link]
Dbg [parser_urdf.cc:2549]   STRING REPLACE: instances of _link name [laser_link] with [base_link]
Dbg [parser_urdf.cc:2549]   STRING REPLACE: instances of _link name [laser_link] with [base_link]
Dbg [parser_urdf.cc:2557]         INITIAL STRING link [laser_link]-->[base_link]: [<sensor name="base_laser" type="ray"><visualize>false</visualize><update_rate>15</update_rate><ray><scan><horizontal><samples>662</samples><resolution>1</resolution><min_angle>-1.91986</min_angle><max_angle>1.91986</max_angle></horizontal></scan><range><min>0.05</min><max>25.0</max><resolution>0.01</resolution></range><noise><type>gaussian</type><mean>0.0</mean><stddev>0.02</stddev></noise></ray><plugin filename="libgazebo_ros_laser.so" name="gazebo_ros_base_hokuyo_controller"><topicName>/base_scan</topicName><frameName>laser_link</frameName><robotNamespace>/</robotNamespace></plugin><pose>0.235 0 0.2878 3.1415 -0 0</pose></sensor>]
Dbg [parser_urdf.cc:2549]   STRING REPLACE: instances of _link name [laser_link] with [base_link]
Dbg [parser_urdf.cc:2549]   STRING REPLACE: instances of _link name [laser_link] with [base_link]
Dbg [parser_urdf.cc:2549]   STRING REPLACE: instances of _link name [laser_link] with [base_link]
Dbg [parser_urdf.cc:2549]   STRING REPLACE: instances of _link name [laser_link] with [base_link]
Dbg [parser_urdf.cc:2557]         INITIAL STRING link [laser_link]-->[base_link]: [<sensor name="camera" type="depth"><always_on>true</always_on><update_rate>15.0</update_rate><camera><horizontal_fov>1.047197</horizontal_fov><image><format>B8G8R8</format><width>640</width><height>480</height></image><clip><near>0.05</near><far>50</far></clip></camera><plugin filename="libgazebo_ros_openni_kinect.so" name="head_camera_controller"><baseline>0.1</baseline><alwaysOn>true</alwaysOn><updateRate>15.0</updateRate><cameraName>head_camera</cameraName><imageTopicName>/head_camera/rgb/image_raw</imageTopicName><cameraInfoTopicName>/head_camera/rgb/camera_info</cameraInfoTopicName><depthImageTopicName>/head_camera/depth_registered/image_raw</depthImageTopicName><depthImageCameraInfoTopicName>/head_camera/depth_registered/camera_info</depthImageCameraInfoTopicName><pointCloudTopicName>/head_camera/depth_registered/points</pointCloudTopicName><frameName>head_camera_rgb_optical_frame</frameName><pointCloudCutoff>0.35</pointCloudCutoff><pointCloudCutoffMax>4.5</pointCloudCutoffMax><CxPrime>0</CxPrime><Cx>0</Cx><Cy>0</Cy><focalLength>0</focalLength><hackBaseline>0</hackBaseline><robotNamespace>/</robotNamespace></plugin></sensor>]
Dbg [parser_urdf.cc:2549]   STRING REPLACE: instances of _link name [laser_link] with [base_link]
Dbg [parser_urdf.cc:2549]   STRING REPLACE: instances of _link name [laser_link] with [base_link]
Dbg [parser_urdf.cc:2549]   STRING REPLACE: instances of _link name [laser_link] with [base_link]
Dbg [parser_urdf.cc:2549]   STRING REPLACE: instances of _link name [laser_link] with [base_link]
Dbg [parser_urdf.cc:2549]   STRING REPLACE: instances of _link name [laser_link] with [base_link]
Dbg [parser_urdf.cc:2549]   STRING REPLACE: instances of _link name [laser_link] with [base_link]
Dbg [parser_urdf.cc:2549]   STRING REPLACE: instances of _link name [laser_link] with [base_link]
Dbg [parser_urdf.cc:721] LINK NAME: [parent: base_link] from dMass
Dbg [parser_urdf.cc:722]      MASS: [70.1314]
Dbg [parser_urdf.cc:723]        CG: [-0.00360332, 6.49566e-06, 0.00140857]
Dbg [parser_urdf.cc:725]         I: [1.22543, 0.00995564, 0.00662726]
Dbg [parser_urdf.cc:727]            [0.00995564, 1.28656, -0.00354025]
Dbg [parser_urdf.cc:729]            [0.00662726, -0.00354025, 0.988044]
Dbg [parser_urdf.cc:721] LINK NAME: [link : laser_link] from dMass
Dbg [parser_urdf.cc:722]      MASS: [0.00833635]
Dbg [parser_urdf.cc:723]        CG: [0, 0, 0]
Dbg [parser_urdf.cc:725]         I: [1.01866e-06, -5.88448e-08, 7.83857e-08]
Dbg [parser_urdf.cc:727]            [-5.88448e-08, 5.1004e-07, -7.12664e-09]
Dbg [parser_urdf.cc:729]            [7.83857e-08, -7.12664e-09, 1.28271e-06]
Dbg [parser_urdf.cc:721] LINK NAME: [link in parent link: laser_link] from dMass
Dbg [parser_urdf.cc:722]      MASS: [0.00833635]
Dbg [parser_urdf.cc:723]        CG: [0.204377, -0.000714283, 0.232603]
Dbg [parser_urdf.cc:725]         I: [0.000452053, 1.2758e-06, -0.000396377]
Dbg [parser_urdf.cc:727]            [1.2758e-06, 0.000799749, 1.37798e-06]
Dbg [parser_urdf.cc:729]            [-0.000396377, 1.37798e-06, 0.000349496]
Dbg [parser_urdf.cc:721] LINK NAME: [combined: base_link] from dMass
Dbg [parser_urdf.cc:722]      MASS: [70.1397]
Dbg [parser_urdf.cc:723]        CG: [-0.0035786, 6.40999e-06, 0.00143605]
Dbg [parser_urdf.cc:725]         I: [1.22588, 0.00995692, 0.00623088]
Dbg [parser_urdf.cc:727]            [0.00995692, 1.28736, -0.00353887]
Dbg [parser_urdf.cc:729]            [0.00623088, -0.00353887, 0.988394]
Dbg [parser_urdf.cc:737] LINK NAME: [base_link] from dMass
Dbg [parser_urdf.cc:738]      MASS: [70.1397]
Dbg [parser_urdf.cc:739]        CG: [-0.0035786, 6.40999e-06, 0.00143605]
Dbg [parser_urdf.cc:742]         I: [1.22574, 0.00995531, 0.00587043]
Dbg [parser_urdf.cc:745]            [0.00995531, 1.28632, -0.00353823]
Dbg [parser_urdf.cc:748]            [0.00587043, -0.00353823, 0.987496]
Dbg [parser_urdf.cc:948] lumping visual [] for link [laser_link] to parent [base_link] with name [laser_link]
Dbg [parser_urdf.cc:1007] lumping collision [] for link [laser_link] to parent [base_link] with name [laser_link]
Dbg [parser_urdf.cc:422] Fixed Joint Reduction: extension lumping from [torso_fixed_link] to [base_link]
Dbg [parser_urdf.cc:2549]   STRING REPLACE: instances of _link name [torso_fixed_link] with [base_link]
Dbg [parser_urdf.cc:2557]         INITIAL STRING link [torso_fixed_link]-->[base_link]: [<plugin filename="libfetch_gazebo_plugin.so" name="fetch_gazebo_plugin"><robotNamespace>/</robotNamespace></plugin>]
Dbg [parser_urdf.cc:2549]   STRING REPLACE: instances of _link name [torso_fixed_link] with [base_link]
Dbg [parser_urdf.cc:2549]   STRING REPLACE: instances of _link name [torso_fixed_link] with [base_link]
Dbg [parser_urdf.cc:2549]   STRING REPLACE: instances of _link name [torso_fixed_link] with [base_link]
Dbg [parser_urdf.cc:2557]         INITIAL STRING link [torso_fixed_link]-->[base_link]: [<sensor name="base_laser" type="ray"><visualize>false</visualize><update_rate>15</update_rate><ray><scan><horizontal><samples>662</samples><resolution>1</resolution><min_angle>-1.91986</min_angle><max_angle>1.91986</max_angle></horizontal></scan><range><min>0.05</min><max>25.0</max><resolution>0.01</resolution></range><noise><type>gaussian</type><mean>0.0</mean><stddev>0.02</stddev></noise></ray><plugin filename="libgazebo_ros_laser.so" name="gazebo_ros_base_hokuyo_controller"><topicName>/base_scan</topicName><frameName>laser_link</frameName><robotNamespace>/</robotNamespace></plugin><pose>0.235 0 0.2878 3.1415 -0 0</pose></sensor>]
Dbg [parser_urdf.cc:2549]   STRING REPLACE: instances of _link name [torso_fixed_link] with [base_link]
Dbg [parser_urdf.cc:2549]   STRING REPLACE: instances of _link name [torso_fixed_link] with [base_link]
Dbg [parser_urdf.cc:2549]   STRING REPLACE: instances of _link name [torso_fixed_link] with [base_link]
Dbg [parser_urdf.cc:2549]   STRING REPLACE: instances of _link name [torso_fixed_link] with [base_link]
Dbg [parser_urdf.cc:2557]         INITIAL STRING link [torso_fixed_link]-->[base_link]: [<sensor name="camera" type="depth"><always_on>true</always_on><update_rate>15.0</update_rate><camera><horizontal_fov>1.047197</horizontal_fov><image><format>B8G8R8</format><width>640</width><height>480</height></image><clip><near>0.05</near><far>50</far></clip></camera><plugin filename="libgazebo_ros_openni_kinect.so" name="head_camera_controller"><baseline>0.1</baseline><alwaysOn>true</alwaysOn><updateRate>15.0</updateRate><cameraName>head_camera</cameraName><imageTopicName>/head_camera/rgb/image_raw</imageTopicName><cameraInfoTopicName>/head_camera/rgb/camera_info</cameraInfoTopicName><depthImageTopicName>/head_camera/depth_registered/image_raw</depthImageTopicName><depthImageCameraInfoTopicName>/head_camera/depth_registered/camera_info</depthImageCameraInfoTopicName><pointCloudTopicName>/head_camera/depth_registered/points</pointCloudTopicName><frameName>head_camera_rgb_optical_frame</frameName><pointCloudCutoff>0.35</pointCloudCutoff><pointCloudCutoffMax>4.5</pointCloudCutoffMax><CxPrime>0</CxPrime><Cx>0</Cx><Cy>0</Cy><focalLength>0</focalLength><hackBaseline>0</hackBaseline><robotNamespace>/</robotNamespace></plugin></sensor>]
Dbg [parser_urdf.cc:2549]   STRING REPLACE: instances of _link name [torso_fixed_link] with [base_link]
Dbg [parser_urdf.cc:2549]   STRING REPLACE: instances of _link name [torso_fixed_link] with [base_link]
Dbg [parser_urdf.cc:2549]   STRING REPLACE: instances of _link name [torso_fixed_link] with [base_link]
Dbg [parser_urdf.cc:2549]   STRING REPLACE: instances of _link name [torso_fixed_link] with [base_link]
Dbg [parser_urdf.cc:2549]   STRING REPLACE: instances of _link name [torso_fixed_link] with [base_link]
Dbg [parser_urdf.cc:2549]   STRING REPLACE: instances of _link name [torso_fixed_link] with [base_link]
Dbg [parser_urdf.cc:2549]   STRING REPLACE: instances of _link name [torso_fixed_link] with [base_link]
Dbg [parser_urdf.cc:721] LINK NAME: [parent: base_link] from dMass
Dbg [parser_urdf.cc:722]      MASS: [70.1397]
Dbg [parser_urdf.cc:723]        CG: [-0.0035786, 6.40999e-06, 0.00143605]
Dbg [parser_urdf.cc:725]         I: [1.22588, 0.00995692, 0.00623088]
Dbg [parser_urdf.cc:727]            [0.00995692, 1.28736, -0.00353887]
Dbg [parser_urdf.cc:729]            [0.00623088, -0.00353887, 0.988394]
Dbg [parser_urdf.cc:721] LINK NAME: [link : torso_fixed_link] from dMass
Dbg [parser_urdf.cc:722]      MASS: [13.2775]
Dbg [parser_urdf.cc:723]        CG: [0, 0, 0]
Dbg [parser_urdf.cc:725]         I: [0.3861, 0.0015, -0.0102]
Dbg [parser_urdf.cc:727]            [0.0015, 0.3388, 0.0117]
Dbg [parser_urdf.cc:729]            [-0.0102, 0.0117, 0.1018]
Dbg [parser_urdf.cc:721] LINK NAME: [link in parent link: torso_fixed_link] from dMass
Dbg [parser_urdf.cc:722]      MASS: [13.2775]
Dbg [parser_urdf.cc:723]        CG: [-0.159075, 0.0057, 0.643025]
Dbg [parser_urdf.cc:725]         I: [5.87653, 0.0135391, 1.34794]
Dbg [parser_urdf.cc:727]            [0.0135391, 6.16478, -0.0369653]
Dbg [parser_urdf.cc:729]            [1.34794, -0.0369653, 0.438217]
Dbg [parser_urdf.cc:721] LINK NAME: [combined: base_link] from dMass
Dbg [parser_urdf.cc:722]      MASS: [83.4172]
Dbg [parser_urdf.cc:723]        CG: [-0.0283289, 0.000912658, 0.103558]
Dbg [parser_urdf.cc:725]         I: [7.10241, 0.023496, 1.35418]
Dbg [parser_urdf.cc:727]            [0.023496, 7.45214, -0.0405041]
Dbg [parser_urdf.cc:729]            [1.35418, -0.0405041, 1.42661]
Dbg [parser_urdf.cc:737] LINK NAME: [base_link] from dMass
Dbg [parser_urdf.cc:738]      MASS: [83.4172]
Dbg [parser_urdf.cc:739]        CG: [-0.0283289, 0.000912658, 0.103558]
Dbg [parser_urdf.cc:742]         I: [6.20776, 0.0213393, 1.10946]
Dbg [parser_urdf.cc:745]            [0.0213393, 6.49062, -0.0326201]
Dbg [parser_urdf.cc:748]            [1.10946, -0.0326201, 1.3596]
Dbg [parser_urdf.cc:948] lumping visual [] for link [torso_fixed_link] to parent [base_link] with name [torso_fixed_link]
Dbg [parser_urdf.cc:1007] lumping collision [] for link [torso_fixed_link] to parent [base_link] with name [torso_fixed_link]
Dbg [parser_urdf.cc:422] Fixed Joint Reduction: extension lumping from [bellows_link2] to [torso_lift_link]
Dbg [parser_urdf.cc:2483]   REDUCE EXTENSION: moving reference from [bellows_link2] to [torso_lift_link]
Dbg [parser_urdf.cc:2549]   STRING REPLACE: instances of _link name [bellows_link2] with [torso_lift_link]
Dbg [parser_urdf.cc:2557]         INITIAL STRING link [bellows_link2]-->[torso_lift_link]: [<plugin filename="libfetch_gazebo_plugin.so" name="fetch_gazebo_plugin"><robotNamespace>/</robotNamespace></plugin>]
Dbg [parser_urdf.cc:2549]   STRING REPLACE: instances of _link name [bellows_link2] with [torso_lift_link]
Dbg [parser_urdf.cc:2549]   STRING REPLACE: instances of _link name [bellows_link2] with [torso_lift_link]
Dbg [parser_urdf.cc:2549]   STRING REPLACE: instances of _link name [bellows_link2] with [torso_lift_link]
Dbg [parser_urdf.cc:2557]         INITIAL STRING link [bellows_link2]-->[torso_lift_link]: [<sensor name="base_laser" type="ray"><visualize>false</visualize><update_rate>15</update_rate><ray><scan><horizontal><samples>662</samples><resolution>1</resolution><min_angle>-1.91986</min_angle><max_angle>1.91986</max_angle></horizontal></scan><range><min>0.05</min><max>25.0</max><resolution>0.01</resolution></range><noise><type>gaussian</type><mean>0.0</mean><stddev>0.02</stddev></noise></ray><plugin filename="libgazebo_ros_laser.so" name="gazebo_ros_base_hokuyo_controller"><topicName>/base_scan</topicName><frameName>laser_link</frameName><robotNamespace>/</robotNamespace></plugin><pose>0.235 0 0.2878 3.1415 -0 0</pose></sensor>]
Dbg [parser_urdf.cc:2549]   STRING REPLACE: instances of _link name [bellows_link2] with [torso_lift_link]
Dbg [parser_urdf.cc:2549]   STRING REPLACE: instances of _link name [bellows_link2] with [torso_lift_link]
Dbg [parser_urdf.cc:2549]   STRING REPLACE: instances of _link name [bellows_link2] with [torso_lift_link]
Dbg [parser_urdf.cc:2557]         INITIAL STRING link [bellows_link2]-->[torso_lift_link]: [<sensor name="camera" type="depth"><always_on>true</always_on><update_rate>15.0</update_rate><camera><horizontal_fov>1.047197</horizontal_fov><image><format>B8G8R8</format><width>640</width><height>480</height></image><clip><near>0.05</near><far>50</far></clip></camera><plugin filename="libgazebo_ros_openni_kinect.so" name="head_camera_controller"><baseline>0.1</baseline><alwaysOn>true</alwaysOn><updateRate>15.0</updateRate><cameraName>head_camera</cameraName><imageTopicName>/head_camera/rgb/image_raw</imageTopicName><cameraInfoTopicName>/head_camera/rgb/camera_info</cameraInfoTopicName><depthImageTopicName>/head_camera/depth_registered/image_raw</depthImageTopicName><depthImageCameraInfoTopicName>/head_camera/depth_registered/camera_info</depthImageCameraInfoTopicName><pointCloudTopicName>/head_camera/depth_registered/points</pointCloudTopicName><frameName>head_camera_rgb_optical_frame</frameName><pointCloudCutoff>0.35</pointCloudCutoff><pointCloudCutoffMax>4.5</pointCloudCutoffMax><CxPrime>0</CxPrime><Cx>0</Cx><Cy>0</Cy><focalLength>0</focalLength><hackBaseline>0</hackBaseline><robotNamespace>/</robotNamespace></plugin></sensor>]
Dbg [parser_urdf.cc:2549]   STRING REPLACE: instances of _link name [bellows_link2] with [torso_lift_link]
Dbg [parser_urdf.cc:2549]   STRING REPLACE: instances of _link name [bellows_link2] with [torso_lift_link]
Dbg [parser_urdf.cc:2549]   STRING REPLACE: instances of _link name [bellows_link2] with [torso_lift_link]
Dbg [parser_urdf.cc:2549]   STRING REPLACE: instances of _link name [bellows_link2] with [torso_lift_link]
Dbg [parser_urdf.cc:2549]   STRING REPLACE: instances of _link name [bellows_link2] with [torso_lift_link]
Dbg [parser_urdf.cc:2549]   STRING REPLACE: instances of _link name [bellows_link2] with [torso_lift_link]
Dbg [parser_urdf.cc:2549]   STRING REPLACE: instances of _link name [bellows_link2] with [torso_lift_link]
Dbg [parser_urdf.cc:2549]   STRING REPLACE: instances of _link name [bellows_link2] with [torso_lift_link]
Dbg [parser_urdf.cc:721] LINK NAME: [parent: torso_lift_link] from dMass
Dbg [parser_urdf.cc:722]      MASS: [10.7796]
Dbg [parser_urdf.cc:723]        CG: [-0.0013, -0.0009, 0.2935]
Dbg [parser_urdf.cc:725]         I: [1.26399, -1.26121e-05, -0.012087]
Dbg [parser_urdf.cc:727]            [-1.26121e-05, 1.264, 0.00224743]
Dbg [parser_urdf.cc:729]            [-0.012087, 0.00224743, 0.0954269]
Dbg [parser_urdf.cc:721] LINK NAME: [link : bellows_link2] from dMass
Dbg [parser_urdf.cc:722]      MASS: [0.169374]
Dbg [parser_urdf.cc:723]        CG: [0, 0, 0]
Dbg [parser_urdf.cc:725]         I: [0.00331159, -8.9231e-18, -5.38622e-08]
Dbg [parser_urdf.cc:727]            [-8.9231e-18, 0.00174447, -8.06965e-17]
Dbg [parser_urdf.cc:729]            [-5.38622e-08, -8.06965e-17, 0.00169418]
Dbg [parser_urdf.cc:721] LINK NAME: [link in parent link: bellows_link2] from dMass
Dbg [parser_urdf.cc:722]      MASS: [0.169374]
Dbg [parser_urdf.cc:723]        CG: [0.019132, -1.6722e-16, -0.134862]
Dbg [parser_urdf.cc:725]         I: [0.00639211, -8.38123e-18, 0.00043696]
Dbg [parser_urdf.cc:727]            [-8.38123e-18, 0.00488699, -8.45161e-17]
Dbg [parser_urdf.cc:729]            [0.00043696, -8.45161e-17, 0.00175617]
Dbg [parser_urdf.cc:721] LINK NAME: [combined: torso_lift_link] from dMass
Dbg [parser_urdf.cc:722]      MASS: [10.949]
Dbg [parser_urdf.cc:723]        CG: [-0.000983929, -0.000886078, 0.286874]
Dbg [parser_urdf.cc:725]         I: [1.27038, -1.26121e-05, -0.0116501]
Dbg [parser_urdf.cc:727]            [-1.26121e-05, 1.26888, 0.00224743]
Dbg [parser_urdf.cc:729]            [-0.0116501, 0.00224743, 0.0971831]
Dbg [parser_urdf.cc:737] LINK NAME: [torso_lift_link] from dMass
Dbg [parser_urdf.cc:738]      MASS: [10.949]
Dbg [parser_urdf.cc:739]        CG: [-0.000983929, -0.000886078, 0.286874]
Dbg [parser_urdf.cc:742]         I: [0.36931, -3.0664e-06, -0.0147406]
Dbg [parser_urdf.cc:745]            [-3.0664e-06, 0.367812, -0.000535712]
Dbg [parser_urdf.cc:748]            [-0.0147406, -0.000535712, 0.0971639]
Dbg [parser_urdf.cc:948] lumping visual [] for link [bellows_link2] to parent [torso_lift_link] with name [bellows_link2]
Dbg [parser_urdf.cc:1007] lumping collision [] for link [bellows_link2] to parent [torso_lift_link] with name [bellows_link2]
Dbg [parser_urdf.cc:422] Fixed Joint Reduction: extension lumping from [head_camera_depth_optical_frame] to [head_camera_depth_frame]
Dbg [parser_urdf.cc:2549]   STRING REPLACE: instances of _link name [head_camera_depth_optical_frame] with [head_camera_depth_frame]
Dbg [parser_urdf.cc:2557]         INITIAL STRING link [head_camera_depth_optical_frame]-->[head_camera_depth_frame]: [<plugin filename="libfetch_gazebo_plugin.so" name="fetch_gazebo_plugin"><robotNamespace>/</robotNamespace></plugin>]
Dbg [parser_urdf.cc:2549]   STRING REPLACE: instances of _link name [head_camera_depth_optical_frame] with [head_camera_depth_frame]
Dbg [parser_urdf.cc:2549]   STRING REPLACE: instances of _link name [head_camera_depth_optical_frame] with [head_camera_depth_frame]
Dbg [parser_urdf.cc:2549]   STRING REPLACE: instances of _link name [head_camera_depth_optical_frame] with [head_camera_depth_frame]
Dbg [parser_urdf.cc:2557]         INITIAL STRING link [head_camera_depth_optical_frame]-->[head_camera_depth_frame]: [<sensor name="base_laser" type="ray"><visualize>false</visualize><update_rate>15</update_rate><ray><scan><horizontal><samples>662</samples><resolution>1</resolution><min_angle>-1.91986</min_angle><max_angle>1.91986</max_angle></horizontal></scan><range><min>0.05</min><max>25.0</max><resolution>0.01</resolution></range><noise><type>gaussian</type><mean>0.0</mean><stddev>0.02</stddev></noise></ray><plugin filename="libgazebo_ros_laser.so" name="gazebo_ros_base_hokuyo_controller"><topicName>/base_scan</topicName><frameName>laser_link</frameName><robotNamespace>/</robotNamespace></plugin><pose>0.235 0 0.2878 3.1415 -0 0</pose></sensor>]
Dbg [parser_urdf.cc:2549]   STRING REPLACE: instances of _link name [head_camera_depth_optical_frame] with [head_camera_depth_frame]
Dbg [parser_urdf.cc:2549]   STRING REPLACE: instances of _link name [head_camera_depth_optical_frame] with [head_camera_depth_frame]
Dbg [parser_urdf.cc:2549]   STRING REPLACE: instances of _link name [head_camera_depth_optical_frame] with [head_camera_depth_frame]
Dbg [parser_urdf.cc:2557]         INITIAL STRING link [head_camera_depth_optical_frame]-->[head_camera_depth_frame]: [<sensor name="camera" type="depth"><always_on>true</always_on><update_rate>15.0</update_rate><camera><horizontal_fov>1.047197</horizontal_fov><image><format>B8G8R8</format><width>640</width><height>480</height></image><clip><near>0.05</near><far>50</far></clip></camera><plugin filename="libgazebo_ros_openni_kinect.so" name="head_camera_controller"><baseline>0.1</baseline><alwaysOn>true</alwaysOn><updateRate>15.0</updateRate><cameraName>head_camera</cameraName><imageTopicName>/head_camera/rgb/image_raw</imageTopicName><cameraInfoTopicName>/head_camera/rgb/camera_info</cameraInfoTopicName><depthImageTopicName>/head_camera/depth_registered/image_raw</depthImageTopicName><depthImageCameraInfoTopicName>/head_camera/depth_registered/camera_info</depthImageCameraInfoTopicName><pointCloudTopicName>/head_camera/depth_registered/points</pointCloudTopicName><frameName>head_camera_rgb_optical_frame</frameName><pointCloudCutoff>0.35</pointCloudCutoff><pointCloudCutoffMax>4.5</pointCloudCutoffMax><CxPrime>0</CxPrime><Cx>0</Cx><Cy>0</Cy><focalLength>0</focalLength><hackBaseline>0</hackBaseline><robotNamespace>/</robotNamespace></plugin></sensor>]
Dbg [parser_urdf.cc:2549]   STRING REPLACE: instances of _link name [head_camera_depth_optical_frame] with [head_camera_depth_frame]
Dbg [parser_urdf.cc:2549]   STRING REPLACE: instances of _link name [head_camera_depth_optical_frame] with [head_camera_depth_frame]
Dbg [parser_urdf.cc:2549]   STRING REPLACE: instances of _link name [head_camera_depth_optical_frame] with [head_camera_depth_frame]
Dbg [parser_urdf.cc:2549]   STRING REPLACE: instances of _link name [head_camera_depth_optical_frame] with [head_camera_depth_frame]
Dbg [parser_urdf.cc:2549]   STRING REPLACE: instances of _link name [head_camera_depth_optical_frame] with [head_camera_depth_frame]
Dbg [parser_urdf.cc:2549]   STRING REPLACE: instances of _link name [head_camera_depth_optical_frame] with [head_camera_depth_frame]
Dbg [parser_urdf.cc:2549]   STRING REPLACE: instances of _link name [head_camera_depth_optical_frame] with [head_camera_depth_frame]
Dbg [parser_urdf.cc:2549]   STRING REPLACE: instances of _link name [head_camera_depth_optical_frame] with [head_camera_depth_frame]
Dbg [parser_urdf.cc:422] Fixed Joint Reduction: extension lumping from [head_camera_depth_frame] to [head_camera_link]
Dbg [parser_urdf.cc:2549]   STRING REPLACE: instances of _link name [head_camera_depth_frame] with [head_camera_link]
Dbg [parser_urdf.cc:2557]         INITIAL STRING link [head_camera_depth_frame]-->[head_camera_link]: [<plugin filename="libfetch_gazebo_plugin.so" name="fetch_gazebo_plugin"><robotNamespace>/</robotNamespace></plugin>]
Dbg [parser_urdf.cc:2549]   STRING REPLACE: instances of _link name [head_camera_depth_frame] with [head_camera_link]
Dbg [parser_urdf.cc:2549]   STRING REPLACE: instances of _link name [head_camera_depth_frame] with [head_camera_link]
Dbg [parser_urdf.cc:2549]   STRING REPLACE: instances of _link name [head_camera_depth_frame] with [head_camera_link]
Dbg [parser_urdf.cc:2557]         INITIAL STRING link [head_camera_depth_frame]-->[head_camera_link]: [<sensor name="base_laser" type="ray"><visualize>false</visualize><update_rate>15</update_rate><ray><scan><horizontal><samples>662</samples><resolution>1</resolution><min_angle>-1.91986</min_angle><max_angle>1.91986</max_angle></horizontal></scan><range><min>0.05</min><max>25.0</max><resolution>0.01</resolution></range><noise><type>gaussian</type><mean>0.0</mean><stddev>0.02</stddev></noise></ray><plugin filename="libgazebo_ros_laser.so" name="gazebo_ros_base_hokuyo_controller"><topicName>/base_scan</topicName><frameName>laser_link</frameName><robotNamespace>/</robotNamespace></plugin><pose>0.235 0 0.2878 3.1415 -0 0</pose></sensor>]
Dbg [parser_urdf.cc:2549]   STRING REPLACE: instances of _link name [head_camera_depth_frame] with [head_camera_link]
Dbg [parser_urdf.cc:2549]   STRING REPLACE: instances of _link name [head_camera_depth_frame] with [head_camera_link]
Dbg [parser_urdf.cc:2549]   STRING REPLACE: instances of _link name [head_camera_depth_frame] with [head_camera_link]
Dbg [parser_urdf.cc:2557]         INITIAL STRING link [head_camera_depth_frame]-->[head_camera_link]: [<sensor name="camera" type="depth"><always_on>true</always_on><update_rate>15.0</update_rate><camera><horizontal_fov>1.047197</horizontal_fov><image><format>B8G8R8</format><width>640</width><height>480</height></image><clip><near>0.05</near><far>50</far></clip></camera><plugin filename="libgazebo_ros_openni_kinect.so" name="head_camera_controller"><baseline>0.1</baseline><alwaysOn>true</alwaysOn><updateRate>15.0</updateRate><cameraName>head_camera</cameraName><imageTopicName>/head_camera/rgb/image_raw</imageTopicName><cameraInfoTopicName>/head_camera/rgb/camera_info</cameraInfoTopicName><depthImageTopicName>/head_camera/depth_registered/image_raw</depthImageTopicName><depthImageCameraInfoTopicName>/head_camera/depth_registered/camera_info</depthImageCameraInfoTopicName><pointCloudTopicName>/head_camera/depth_registered/points</pointCloudTopicName><frameName>head_camera_rgb_optical_frame</frameName><pointCloudCutoff>0.35</pointCloudCutoff><pointCloudCutoffMax>4.5</pointCloudCutoffMax><CxPrime>0</CxPrime><Cx>0</Cx><Cy>0</Cy><focalLength>0</focalLength><hackBaseline>0</hackBaseline><robotNamespace>/</robotNamespace></plugin></sensor>]
Dbg [parser_urdf.cc:2549]   STRING REPLACE: instances of _link name [head_camera_depth_frame] with [head_camera_link]
Dbg [parser_urdf.cc:2549]   STRING REPLACE: instances of _link name [head_camera_depth_frame] with [head_camera_link]
Dbg [parser_urdf.cc:2549]   STRING REPLACE: instances of _link name [head_camera_depth_frame] with [head_camera_link]
Dbg [parser_urdf.cc:2549]   STRING REPLACE: instances of _link name [head_camera_depth_frame] with [head_camera_link]
Dbg [parser_urdf.cc:2549]   STRING REPLACE: instances of _link name [head_camera_depth_frame] with [head_camera_link]
Dbg [parser_urdf.cc:2549]   STRING REPLACE: instances of _link name [head_camera_depth_frame] with [head_camera_link]
Dbg [parser_urdf.cc:2549]   STRING REPLACE: instances of _link name [head_camera_depth_frame] with [head_camera_link]
Dbg [parser_urdf.cc:2549]   STRING REPLACE: instances of _link name [head_camera_depth_frame] with [head_camera_link]
Dbg [parser_urdf.cc:422] Fixed Joint Reduction: extension lumping from [head_camera_rgb_optical_frame] to [head_camera_rgb_frame]
Dbg [parser_urdf.cc:2549]   STRING REPLACE: instances of _link name [head_camera_rgb_optical_frame] with [head_camera_rgb_frame]
Dbg [parser_urdf.cc:2557]         INITIAL STRING link [head_camera_rgb_optical_frame]-->[head_camera_rgb_frame]: [<plugin filename="libfetch_gazebo_plugin.so" name="fetch_gazebo_plugin"><robotNamespace>/</robotNamespace></plugin>]
Dbg [parser_urdf.cc:2549]   STRING REPLACE: instances of _link name [head_camera_rgb_optical_frame] with [head_camera_rgb_frame]
Dbg [parser_urdf.cc:2549]   STRING REPLACE: instances of _link name [head_camera_rgb_optical_frame] with [head_camera_rgb_frame]
Dbg [parser_urdf.cc:2549]   STRING REPLACE: instances of _link name [head_camera_rgb_optical_frame] with [head_camera_rgb_frame]
Dbg [parser_urdf.cc:2557]         INITIAL STRING link [head_camera_rgb_optical_frame]-->[head_camera_rgb_frame]: [<sensor name="base_laser" type="ray"><visualize>false</visualize><update_rate>15</update_rate><ray><scan><horizontal><samples>662</samples><resolution>1</resolution><min_angle>-1.91986</min_angle><max_angle>1.91986</max_angle></horizontal></scan><range><min>0.05</min><max>25.0</max><resolution>0.01</resolution></range><noise><type>gaussian</type><mean>0.0</mean><stddev>0.02</stddev></noise></ray><plugin filename="libgazebo_ros_laser.so" name="gazebo_ros_base_hokuyo_controller"><topicName>/base_scan</topicName><frameName>laser_link</frameName><robotNamespace>/</robotNamespace></plugin><pose>0.235 0 0.2878 3.1415 -0 0</pose></sensor>]
Dbg [parser_urdf.cc:2549]   STRING REPLACE: instances of _link name [head_camera_rgb_optical_frame] with [head_camera_rgb_frame]
Dbg [parser_urdf.cc:2549]   STRING REPLACE: instances of _link name [head_camera_rgb_optical_frame] with [head_camera_rgb_frame]
Dbg [parser_urdf.cc:2549]   STRING REPLACE: instances of _link name [head_camera_rgb_optical_frame] with [head_camera_rgb_frame]
Dbg [parser_urdf.cc:2557]         INITIAL STRING link [head_camera_rgb_optical_frame]-->[head_camera_rgb_frame]: [<sensor name="camera" type="depth"><always_on>true</always_on><update_rate>15.0</update_rate><camera><horizontal_fov>1.047197</horizontal_fov><image><format>B8G8R8</format><width>640</width><height>480</height></image><clip><near>0.05</near><far>50</far></clip></camera><plugin filename="libgazebo_ros_openni_kinect.so" name="head_camera_controller"><baseline>0.1</baseline><alwaysOn>true</alwaysOn><updateRate>15.0</updateRate><cameraName>head_camera</cameraName><imageTopicName>/head_camera/rgb/image_raw</imageTopicName><cameraInfoTopicName>/head_camera/rgb/camera_info</cameraInfoTopicName><depthImageTopicName>/head_camera/depth_registered/image_raw</depthImageTopicName><depthImageCameraInfoTopicName>/head_camera/depth_registered/camera_info</depthImageCameraInfoTopicName><pointCloudTopicName>/head_camera/depth_registered/points</pointCloudTopicName><frameName>head_camera_rgb_optical_frame</frameName><pointCloudCutoff>0.35</pointCloudCutoff><pointCloudCutoffMax>4.5</pointCloudCutoffMax><CxPrime>0</CxPrime><Cx>0</Cx><Cy>0</Cy><focalLength>0</focalLength><hackBaseline>0</hackBaseline><robotNamespace>/</robotNamespace></plugin></sensor>]
Dbg [parser_urdf.cc:2549]   STRING REPLACE: instances of _link name [head_camera_rgb_optical_frame] with [head_camera_rgb_frame]
Dbg [parser_urdf.cc:2549]   STRING REPLACE: instances of _link name [head_camera_rgb_optical_frame] with [head_camera_rgb_frame]
Dbg [parser_urdf.cc:2549]   STRING REPLACE: instances of _link name [head_camera_rgb_optical_frame] with [head_camera_rgb_frame]
Dbg [parser_urdf.cc:2549]   STRING REPLACE: instances of _link name [head_camera_rgb_optical_frame] with [head_camera_rgb_frame]
Dbg [parser_urdf.cc:2549]   STRING REPLACE: instances of _link name [head_camera_rgb_optical_frame] with [head_camera_rgb_frame]
Dbg [parser_urdf.cc:2549]   STRING REPLACE: instances of _link name [head_camera_rgb_optical_frame] with [head_camera_rgb_frame]
Dbg [parser_urdf.cc:2549]   STRING REPLACE: instances of _link name [head_camera_rgb_optical_frame] with [head_camera_rgb_frame]
Dbg [parser_urdf.cc:2549]   STRING REPLACE: instances of _link name [head_camera_rgb_optical_frame] with [head_camera_rgb_frame]
Dbg [parser_urdf.cc:422] Fixed Joint Reduction: extension lumping from [head_camera_rgb_frame] to [head_camera_link]
Dbg [parser_urdf.cc:2483]   REDUCE EXTENSION: moving reference from [head_camera_rgb_frame] to [head_camera_link]
Dbg [parser_urdf.cc:2549]   STRING REPLACE: instances of _link name [head_camera_rgb_frame] with [head_camera_link]
Dbg [parser_urdf.cc:2557]         INITIAL STRING link [head_camera_rgb_frame]-->[head_camera_link]: [<plugin filename="libfetch_gazebo_plugin.so" name="fetch_gazebo_plugin"><robotNamespace>/</robotNamespace></plugin>]
Dbg [parser_urdf.cc:2549]   STRING REPLACE: instances of _link name [head_camera_rgb_frame] with [head_camera_link]
Dbg [parser_urdf.cc:2549]   STRING REPLACE: instances of _link name [head_camera_rgb_frame] with [head_camera_link]
Dbg [parser_urdf.cc:2549]   STRING REPLACE: instances of _link name [head_camera_rgb_frame] with [head_camera_link]
Dbg [parser_urdf.cc:2557]         INITIAL STRING link [head_camera_rgb_frame]-->[head_camera_link]: [<sensor name="base_laser" type="ray"><visualize>false</visualize><update_rate>15</update_rate><ray><scan><horizontal><samples>662</samples><resolution>1</resolution><min_angle>-1.91986</min_angle><max_angle>1.91986</max_angle></horizontal></scan><range><min>0.05</min><max>25.0</max><resolution>0.01</resolution></range><noise><type>gaussian</type><mean>0.0</mean><stddev>0.02</stddev></noise></ray><plugin filename="libgazebo_ros_laser.so" name="gazebo_ros_base_hokuyo_controller"><topicName>/base_scan</topicName><frameName>laser_link</frameName><robotNamespace>/</robotNamespace></plugin><pose>0.235 0 0.2878 3.1415 -0 0</pose></sensor>]
Dbg [parser_urdf.cc:2549]   STRING REPLACE: instances of _link name [head_camera_rgb_frame] with [head_camera_link]
Dbg [parser_urdf.cc:2549]   STRING REPLACE: instances of _link name [head_camera_rgb_frame] with [head_camera_link]
Dbg [parser_urdf.cc:2549]   STRING REPLACE: instances of _link name [head_camera_rgb_frame] with [head_camera_link]
Dbg [parser_urdf.cc:2557]         INITIAL STRING link [head_camera_rgb_frame]-->[head_camera_link]: [<sensor name="camera" type="depth"><always_on>true</always_on><update_rate>15.0</update_rate><camera><horizontal_fov>1.047197</horizontal_fov><image><format>B8G8R8</format><width>640</width><height>480</height></image><clip><near>0.05</near><far>50</far></clip></camera><plugin filename="libgazebo_ros_openni_kinect.so" name="head_camera_controller"><baseline>0.1</baseline><alwaysOn>true</alwaysOn><updateRate>15.0</updateRate><cameraName>head_camera</cameraName><imageTopicName>/head_camera/rgb/image_raw</imageTopicName><cameraInfoTopicName>/head_camera/rgb/camera_info</cameraInfoTopicName><depthImageTopicName>/head_camera/depth_registered/image_raw</depthImageTopicName><depthImageCameraInfoTopicName>/head_camera/depth_registered/camera_info</depthImageCameraInfoTopicName><pointCloudTopicName>/head_camera/depth_registered/points</pointCloudTopicName><frameName>head_camera_rgb_optical_frame</frameName><pointCloudCutoff>0.35</pointCloudCutoff><pointCloudCutoffMax>4.5</pointCloudCutoffMax><CxPrime>0</CxPrime><Cx>0</Cx><Cy>0</Cy><focalLength>0</focalLength><hackBaseline>0</hackBaseline><robotNamespace>/</robotNamespace></plugin><pose>0 0.02 0 0 -0 0</pose></sensor>]
Dbg [parser_urdf.cc:2549]   STRING REPLACE: instances of _link name [head_camera_rgb_frame] with [head_camera_link]
Dbg [parser_urdf.cc:2549]   STRING REPLACE: instances of _link name [head_camera_rgb_frame] with [head_camera_link]
Dbg [parser_urdf.cc:2549]   STRING REPLACE: instances of _link name [head_camera_rgb_frame] with [head_camera_link]
Dbg [parser_urdf.cc:2549]   STRING REPLACE: instances of _link name [head_camera_rgb_frame] with [head_camera_link]
Dbg [parser_urdf.cc:2549]   STRING REPLACE: instances of _link name [head_camera_rgb_frame] with [head_camera_link]
Dbg [parser_urdf.cc:2549]   STRING REPLACE: instances of _link name [head_camera_rgb_frame] with [head_camera_link]
Dbg [parser_urdf.cc:2549]   STRING REPLACE: instances of _link name [head_camera_rgb_frame] with [head_camera_link]
Dbg [parser_urdf.cc:2549]   STRING REPLACE: instances of _link name [head_camera_rgb_frame] with [head_camera_link]
Dbg [parser_urdf.cc:422] Fixed Joint Reduction: extension lumping from [head_camera_link] to [head_tilt_link]
Dbg [parser_urdf.cc:2483]   REDUCE EXTENSION: moving reference from [head_camera_link] to [head_tilt_link]
Dbg [parser_urdf.cc:2549]   STRING REPLACE: instances of _link name [head_camera_link] with [head_tilt_link]
Dbg [parser_urdf.cc:2557]         INITIAL STRING link [head_camera_link]-->[head_tilt_link]: [<plugin filename="libfetch_gazebo_plugin.so" name="fetch_gazebo_plugin"><robotNamespace>/</robotNamespace></plugin>]
Dbg [parser_urdf.cc:2549]   STRING REPLACE: instances of _link name [head_camera_link] with [head_tilt_link]
Dbg [parser_urdf.cc:2549]   STRING REPLACE: instances of _link name [head_camera_link] with [head_tilt_link]
Dbg [parser_urdf.cc:2549]   STRING REPLACE: instances of _link name [head_camera_link] with [head_tilt_link]
Dbg [parser_urdf.cc:2557]         INITIAL STRING link [head_camera_link]-->[head_tilt_link]: [<sensor name="base_laser" type="ray"><visualize>false</visualize><update_rate>15</update_rate><ray><scan><horizontal><samples>662</samples><resolution>1</resolution><min_angle>-1.91986</min_angle><max_angle>1.91986</max_angle></horizontal></scan><range><min>0.05</min><max>25.0</max><resolution>0.01</resolution></range><noise><type>gaussian</type><mean>0.0</mean><stddev>0.02</stddev></noise></ray><plugin filename="libgazebo_ros_laser.so" name="gazebo_ros_base_hokuyo_controller"><topicName>/base_scan</topicName><frameName>laser_link</frameName><robotNamespace>/</robotNamespace></plugin><pose>0.235 0 0.2878 3.1415 -0 0</pose></sensor>]
Dbg [parser_urdf.cc:2549]   STRING REPLACE: instances of _link name [head_camera_link] with [head_tilt_link]
Dbg [parser_urdf.cc:2549]   STRING REPLACE: instances of _link name [head_camera_link] with [head_tilt_link]
Dbg [parser_urdf.cc:2549]   STRING REPLACE: instances of _link name [head_camera_link] with [head_tilt_link]
Dbg [parser_urdf.cc:2557]         INITIAL STRING link [head_camera_link]-->[head_tilt_link]: [<sensor name="camera" type="depth"><always_on>true</always_on><update_rate>15.0</update_rate><camera><horizontal_fov>1.047197</horizontal_fov><image><format>B8G8R8</format><width>640</width><height>480</height></image><clip><near>0.05</near><far>50</far></clip></camera><plugin filename="libgazebo_ros_openni_kinect.so" name="head_camera_controller"><baseline>0.1</baseline><alwaysOn>true</alwaysOn><updateRate>15.0</updateRate><cameraName>head_camera</cameraName><imageTopicName>/head_camera/rgb/image_raw</imageTopicName><cameraInfoTopicName>/head_camera/rgb/camera_info</cameraInfoTopicName><depthImageTopicName>/head_camera/depth_registered/image_raw</depthImageTopicName><depthImageCameraInfoTopicName>/head_camera/depth_registered/camera_info</depthImageCameraInfoTopicName><pointCloudTopicName>/head_camera/depth_registered/points</pointCloudTopicName><frameName>head_camera_rgb_optical_frame</frameName><pointCloudCutoff>0.35</pointCloudCutoff><pointCloudCutoffMax>4.5</pointCloudCutoffMax><CxPrime>0</CxPrime><Cx>0</Cx><Cy>0</Cy><focalLength>0</focalLength><hackBaseline>0</hackBaseline><robotNamespace>/</robotNamespace></plugin><pose>0.055 0.02 0.0225 0 -0 0</pose></sensor>]
Dbg [parser_urdf.cc:2549]   STRING REPLACE: instances of _link name [head_camera_link] with [head_tilt_link]
Dbg [parser_urdf.cc:2549]   STRING REPLACE: instances of _link name [head_camera_link] with [head_tilt_link]
Dbg [parser_urdf.cc:2549]   STRING REPLACE: instances of _link name [head_camera_link] with [head_tilt_link]
Dbg [parser_urdf.cc:2549]   STRING REPLACE: instances of _link name [head_camera_link] with [head_tilt_link]
Dbg [parser_urdf.cc:2549]   STRING REPLACE: instances of _link name [head_camera_link] with [head_tilt_link]
Dbg [parser_urdf.cc:2549]   STRING REPLACE: instances of _link name [head_camera_link] with [head_tilt_link]
Dbg [parser_urdf.cc:2549]   STRING REPLACE: instances of _link name [head_camera_link] with [head_tilt_link]
Dbg [parser_urdf.cc:2549]   STRING REPLACE: instances of _link name [head_camera_link] with [head_tilt_link]
Dbg [parser_urdf.cc:422] Fixed Joint Reduction: extension lumping from [gripper_link] to [wrist_roll_link]
Dbg [parser_urdf.cc:2549]   STRING REPLACE: instances of _link name [gripper_link] with [wrist_roll_link]
Dbg [parser_urdf.cc:2557]         INITIAL STRING link [gripper_link]-->[wrist_roll_link]: [<plugin filename="libfetch_gazebo_plugin.so" name="fetch_gazebo_plugin"><robotNamespace>/</robotNamespace></plugin>]
Dbg [parser_urdf.cc:2549]   STRING REPLACE: instances of _link name [gripper_link] with [wrist_roll_link]
Dbg [parser_urdf.cc:2549]   STRING REPLACE: instances of _link name [gripper_link] with [wrist_roll_link]
Dbg [parser_urdf.cc:2549]   STRING REPLACE: instances of _link name [gripper_link] with [wrist_roll_link]
Dbg [parser_urdf.cc:2557]         INITIAL STRING link [gripper_link]-->[wrist_roll_link]: [<sensor name="base_laser" type="ray"><visualize>false</visualize><update_rate>15</update_rate><ray><scan><horizontal><samples>662</samples><resolution>1</resolution><min_angle>-1.91986</min_angle><max_angle>1.91986</max_angle></horizontal></scan><range><min>0.05</min><max>25.0</max><resolution>0.01</resolution></range><noise><type>gaussian</type><mean>0.0</mean><stddev>0.02</stddev></noise></ray><plugin filename="libgazebo_ros_laser.so" name="gazebo_ros_base_hokuyo_controller"><topicName>/base_scan</topicName><frameName>laser_link</frameName><robotNamespace>/</robotNamespace></plugin><pose>0.235 0 0.2878 3.1415 -0 0</pose></sensor>]
Dbg [parser_urdf.cc:2549]   STRING REPLACE: instances of _link name [gripper_link] with [wrist_roll_link]
Dbg [parser_urdf.cc:2549]   STRING REPLACE: instances of _link name [gripper_link] with [wrist_roll_link]
Dbg [parser_urdf.cc:2549]   STRING REPLACE: instances of _link name [gripper_link] with [wrist_roll_link]
Dbg [parser_urdf.cc:2557]         INITIAL STRING link [gripper_link]-->[wrist_roll_link]: [<sensor name="camera" type="depth"><always_on>true</always_on><update_rate>15.0</update_rate><camera><horizontal_fov>1.047197</horizontal_fov><image><format>B8G8R8</format><width>640</width><height>480</height></image><clip><near>0.05</near><far>50</far></clip></camera><plugin filename="libgazebo_ros_openni_kinect.so" name="head_camera_controller"><baseline>0.1</baseline><alwaysOn>true</alwaysOn><updateRate>15.0</updateRate><cameraName>head_camera</cameraName><imageTopicName>/head_camera/rgb/image_raw</imageTopicName><cameraInfoTopicName>/head_camera/rgb/camera_info</cameraInfoTopicName><depthImageTopicName>/head_camera/depth_registered/image_raw</depthImageTopicName><depthImageCameraInfoTopicName>/head_camera/depth_registered/camera_info</depthImageCameraInfoTopicName><pointCloudTopicName>/head_camera/depth_registered/points</pointCloudTopicName><frameName>head_camera_rgb_optical_frame</frameName><pointCloudCutoff>0.35</pointCloudCutoff><pointCloudCutoffMax>4.5</pointCloudCutoffMax><CxPrime>0</CxPrime><Cx>0</Cx><Cy>0</Cy><focalLength>0</focalLength><hackBaseline>0</hackBaseline><robotNamespace>/</robotNamespace></plugin><pose>0.055 0.02 0.0225 0 -0 0</pose></sensor>]
Dbg [parser_urdf.cc:2549]   STRING REPLACE: instances of _link name [gripper_link] with [wrist_roll_link]
Dbg [parser_urdf.cc:2549]   STRING REPLACE: instances of _link name [gripper_link] with [wrist_roll_link]
Dbg [parser_urdf.cc:2549]   STRING REPLACE: instances of _link name [gripper_link] with [wrist_roll_link]
Dbg [parser_urdf.cc:2549]   STRING REPLACE: instances of _link name [gripper_link] with [wrist_roll_link]
Dbg [parser_urdf.cc:2549]   STRING REPLACE: instances of _link name [gripper_link] with [wrist_roll_link]
Dbg [parser_urdf.cc:2549]   STRING REPLACE: instances of _link name [gripper_link] with [wrist_roll_link]
Dbg [parser_urdf.cc:2549]   STRING REPLACE: instances of _link name [gripper_link] with [wrist_roll_link]
Dbg [parser_urdf.cc:2549]   STRING REPLACE: instances of _link name [gripper_link] with [wrist_roll_link]
Dbg [parser_urdf.cc:721] LINK NAME: [parent: wrist_roll_link] from dMass
Dbg [parser_urdf.cc:722]      MASS: [0.1354]
Dbg [parser_urdf.cc:723]        CG: [0.0095, 0.0004, -0.0002]
Dbg [parser_urdf.cc:725]         I: [0.000100027, -5.1452e-07, 2.5726e-07]
Dbg [parser_urdf.cc:727]            [-5.1452e-07, 0.000112225, 1.0832e-08]
Dbg [parser_urdf.cc:729]            [2.5726e-07, 1.0832e-08, 0.000112242]
Dbg [parser_urdf.cc:721] LINK NAME: [link : gripper_link] from dMass
Dbg [parser_urdf.cc:722]      MASS: [1.5175]
Dbg [parser_urdf.cc:723]        CG: [0, 0, 0]
Dbg [parser_urdf.cc:725]         I: [0.0013, -0, 0]
Dbg [parser_urdf.cc:727]            [-0, 0.0019, -0]
Dbg [parser_urdf.cc:729]            [0, -0, 0.0024]
Dbg [parser_urdf.cc:721] LINK NAME: [link in parent link: gripper_link] from dMass
Dbg [parser_urdf.cc:722]      MASS: [1.5175]
Dbg [parser_urdf.cc:723]        CG: [0.07645, -0.0001, -0.0017]
Dbg [parser_urdf.cc:725]         I: [0.0013044, 1.16013e-05, 0.000197222]
Dbg [parser_urdf.cc:727]            [1.16013e-05, 0.0107736, -2.57975e-07]
Dbg [parser_urdf.cc:729]            [0.000197222, -2.57975e-07, 0.0112692]
Dbg [parser_urdf.cc:721] LINK NAME: [combined: wrist_roll_link] from dMass
Dbg [parser_urdf.cc:722]      MASS: [1.6529]
Dbg [parser_urdf.cc:723]        CG: [0.0709657, -5.90417e-05, -0.00157713]
Dbg [parser_urdf.cc:725]         I: [0.00140443, 1.10868e-05, 0.000197479]
Dbg [parser_urdf.cc:727]            [1.10868e-05, 0.0108858, -2.47143e-07]
Dbg [parser_urdf.cc:729]            [0.000197479, -2.47143e-07, 0.0113814]
Dbg [parser_urdf.cc:737] LINK NAME: [wrist_roll_link] from dMass
Dbg [parser_urdf.cc:738]      MASS: [1.6529]
Dbg [parser_urdf.cc:739]        CG: [0.0709657, -5.90417e-05, -0.00157713]
Dbg [parser_urdf.cc:742]         I: [0.00140031, 4.16123e-06, 1.24837e-05]
Dbg [parser_urdf.cc:745]            [4.16123e-06, 0.00255747, -9.32314e-08]
Dbg [parser_urdf.cc:748]            [1.24837e-05, -9.32314e-08, 0.00305722]
Dbg [parser_urdf.cc:948] lumping visual [] for link [gripper_link] to parent [wrist_roll_link] with name [gripper_link]
Dbg [parser_urdf.cc:1007] lumping collision [] for link [gripper_link] to parent [wrist_roll_link] with name [gripper_link]
Dbg [parser_urdf.cc:2754] [base_link] has no parent joint
Dbg [parser_urdf.cc:2798] creating collision for link [base_link] collision []
Dbg [parser_urdf.cc:2798] creating collision for link [base_link] collision [estop_link]
Dbg [parser_urdf.cc:2798] creating collision for link [base_link] collision [laser_link]
Dbg [parser_urdf.cc:2798] creating collision for link [base_link] collision [torso_fixed_link]
Dbg [parser_urdf.cc:2843] creating visual for link [base_link] visual []
Dbg [parser_urdf.cc:2843] creating visual for link [base_link] visual [estop_link]
Dbg [parser_urdf.cc:2843] creating visual for link [base_link] visual [laser_link]
Dbg [parser_urdf.cc:2843] creating visual for link [base_link] visual [torso_fixed_link]
Dbg [parser_urdf.cc:2066] inserting extension with reference [base_link] into link.
Dbg [parser_urdf.cc:1144] multiple consistent <gravity> exists with [true] due to fixed joint reduction.
Dbg [parser_urdf.cc:1144] multiple consistent <gravity> exists with [true] due to fixed joint reduction.
Dbg [parser_urdf.cc:2798] creating collision for link [l_wheel_link] collision []
Dbg [parser_urdf.cc:2843] creating visual for link [l_wheel_link] visual []
Dbg [parser_urdf.cc:2066] inserting extension with reference [l_wheel_link] into link.
Dbg [parser_urdf.cc:2798] creating collision for link [r_wheel_link] collision []
Dbg [parser_urdf.cc:2843] creating visual for link [r_wheel_link] visual []
Dbg [parser_urdf.cc:2066] inserting extension with reference [r_wheel_link] into link.
Dbg [parser_urdf.cc:2798] creating collision for link [torso_lift_link] collision []
Dbg [parser_urdf.cc:2798] creating collision for link [torso_lift_link] collision [bellows_link2]
Dbg [parser_urdf.cc:2843] creating visual for link [torso_lift_link] visual []
Dbg [parser_urdf.cc:2843] creating visual for link [torso_lift_link] visual [bellows_link2]
Dbg [parser_urdf.cc:2066] inserting extension with reference [torso_lift_link] into link.
Dbg [parser_urdf.cc:2798] creating collision for link [bellows_link] collision []
Dbg [parser_urdf.cc:2843] creating visual for link [bellows_link] visual []
Dbg [parser_urdf.cc:2066] inserting extension with reference [bellows_link] into link.
Dbg [parser_urdf.cc:2798] creating collision for link [head_pan_link] collision []
Dbg [parser_urdf.cc:2843] creating visual for link [head_pan_link] visual []
Dbg [parser_urdf.cc:2798] creating collision for link [head_tilt_link] collision []
Dbg [parser_urdf.cc:2843] creating visual for link [head_tilt_link] visual []
Dbg [parser_urdf.cc:2066] inserting extension with reference [head_tilt_link] into link.
Dbg [parser_urdf.cc:2662] urdf2sdf: link[head_camera_link] has no inertia, [2] children links ignored.
Dbg [parser_urdf.cc:2670] urdf2sdf: link[head_camera_link] has no inertia, [2] children joints ignored.
Dbg [parser_urdf.cc:2678] urdf2sdf: link[head_camera_link] has no inertia, parent joint [head_camera_joint] ignored.
Dbg [parser_urdf.cc:2684] urdf2sdf: link[head_camera_link] has no inertia, not modeled in sdf
Dbg [parser_urdf.cc:2798] creating collision for link [shoulder_pan_link] collision []
Dbg [parser_urdf.cc:2843] creating visual for link [shoulder_pan_link] visual []
Dbg [parser_urdf.cc:2798] creating collision for link [shoulder_lift_link] collision []
Dbg [parser_urdf.cc:2843] creating visual for link [shoulder_lift_link] visual []
Dbg [parser_urdf.cc:2798] creating collision for link [upperarm_roll_link] collision []
Dbg [parser_urdf.cc:2843] creating visual for link [upperarm_roll_link] visual []
Dbg [parser_urdf.cc:2798] creating collision for link [elbow_flex_link] collision []
Dbg [parser_urdf.cc:2843] creating visual for link [elbow_flex_link] visual []
Dbg [parser_urdf.cc:2798] creating collision for link [forearm_roll_link] collision []
Dbg [parser_urdf.cc:2843] creating visual for link [forearm_roll_link] visual []
Dbg [parser_urdf.cc:2798] creating collision for link [wrist_flex_link] collision []
Dbg [parser_urdf.cc:2843] creating visual for link [wrist_flex_link] visual []
Dbg [parser_urdf.cc:2798] creating collision for link [wrist_roll_link] collision []
Dbg [parser_urdf.cc:2798] creating collision for link [wrist_roll_link] collision [gripper_link]
Dbg [parser_urdf.cc:2843] creating visual for link [wrist_roll_link] visual []
Dbg [parser_urdf.cc:2843] creating visual for link [wrist_roll_link] visual [gripper_link]
Dbg [parser_urdf.cc:2798] creating collision for link [l_gripper_finger_link] collision []
Dbg [parser_urdf.cc:2843] creating visual for link [l_gripper_finger_link] visual []
Dbg [parser_urdf.cc:2066] inserting extension with reference [l_gripper_finger_link] into link.
Dbg [parser_urdf.cc:2798] creating collision for link [r_gripper_finger_link] collision []
Dbg [parser_urdf.cc:2843] creating visual for link [r_gripper_finger_link] visual []
Dbg [parser_urdf.cc:2066] inserting extension with reference [r_gripper_finger_link] into link.
Dbg [parser.cc:483] Parsing from urdf.
